C51 COMPILER V5.02,  SN-  MAIN                                                             10/25/16  22:26:32  PAGE 1   


DOS C51 COMPILER V5.02, COMPILATION OF MODULE MAIN
OBJECT MODULE PLACED IN MAIN.OBJ
COMPILER INVOKED BY: C:\C55\C51.EXE MAIN.C IP SB CD WL(2) ROM(LARGE) SMALL PL(24575) 

stmt level    source

   1          /* Modification History
   2          * 
   3          * 2016-10-20 jep Start with almost barest minimum: Just toggle LED fast.
   4          */
   5          
   6          #define Main_C
   7          #include "misc.h"
   8          #include "myboard.h"
   9          #include "8051f3xx.h"
  10          #include "slf32x.h"
  11          #include "main.h"
  12          
  13          void main(void)
  14          {
  15   1         pca0md&=~WatchdogTimerEnable_Mask; /* disable watchdog */
  16   1      
  17   1         xbr1=CrossbarEnabled;
  18   1      
  19   1         for (;;) {
  20   2            led1Dark=False;
  21   2            led1Dark=True;
  22   2         }
  23   1      }
  24          
C51 COMPILER V5.02,  SN-  MAIN                                                             10/25/16  22:26:32  PAGE 2   

ASSEMBLY LISTING OF GENERATED OBJECT CODE


             ; FUNCTION main (BEGIN)
                                           ; SOURCE LINE # 13
                                           ; SOURCE LINE # 14
                                           ; SOURCE LINE # 15
0000 53D9BF        ANL     pca0md,#0BFH
                                           ; SOURCE LINE # 17
0003 75E240        MOV     xbr1,#040H
                                           ; SOURCE LINE # 19
0006         ?C0001:
                                           ; SOURCE LINE # 20
0006 C2A3          CLR     led1Dark
                                           ; SOURCE LINE # 21
0008 D2A3          SETB    led1Dark
                                           ; SOURCE LINE # 22
000A 80FA          SJMP    ?C0001
                                           ; SOURCE LINE # 23
000C 22            RET     
             ; FUNCTION main (END)

C51 COMPILER V5.02,  SN-  MAIN                                                             10/25/16  22:26:32  PAGE 3   

NAME                                    CLASS   MSPACE  TYPE    OFFSET  SIZE
====                                    =====   ======  ====    ======  ====


xbr1 . . . . . . . . . . . . . . . . .  SFR      DATA   U_CHAR   00E2H  1
CCF2 . . . . . . . . . . . . . . . . .  ABSBIT   -----  BIT      00DAH  1
TB80 . . . . . . . . . . . . . . . . .  ABSBIT   -----  BIT      009BH  1
ClkRecoveryMask. . . . . . . . . . . .  E_CONST  -----  INT      -----  2
indexUsbRegEnum. . . . . . . . . . . .  * TAG *  -----  ENUM     -----  -----
CCF3 . . . . . . . . . . . . . . . . .  ABSBIT   -----  BIT      00DBH  1
SPIEN. . . . . . . . . . . . . . . . .  ABSBIT   -----  BIT      00F8H  1
CCF4 . . . . . . . . . . . . . . . . .  ABSBIT   -----  BIT      00DCH  1
FullSpeedModeClkRecovery . . . . . . .  E_CONST  -----  INT      -----  2
AC . . . . . . . . . . . . . . . . . .  ABSBIT   -----  BIT      00D6H  1
EA . . . . . . . . . . . . . . . . . .  ABSBIT   -----  BIT      00AFH  1
MCE0 . . . . . . . . . . . . . . . . .  ABSBIT   -----  BIT      009DH  1
i2cAckIsRequested. . . . . . . . . . .  ABSBIT   -----  BIT      00C3H  1
CF . . . . . . . . . . . . . . . . . .  ABSBIT   -----  BIT      00DFH  1
i2cInterruptRequested. . . . . . . . .  ABSBIT   -----  BIT      00C0H  1
SingleStepMode . . . . . . . . . . . .  E_CONST  -----  INT      -----  2
ClkRecoveryDisabled. . . . . . . . . .  E_CONST  -----  INT      -----  2
i2cAck . . . . . . . . . . . . . . . .  ABSBIT   -----  BIT      00C1H  1
i2cStart . . . . . . . . . . . . . . .  ABSBIT   -----  BIT      00C5H  1
TXBMT. . . . . . . . . . . . . . . . .  ABSBIT   -----  BIT      00F9H  1
CR . . . . . . . . . . . . . . . . . .  ABSBIT   -----  BIT      00DEH  1
T2SPLIT. . . . . . . . . . . . . . . .  ABSBIT   -----  BIT      00CBH  1
TF2H . . . . . . . . . . . . . . . . .  ABSBIT   -----  BIT      00CFH  1
REN0 . . . . . . . . . . . . . . . . .  ABSBIT   -----  BIT      009CH  1
TF2L . . . . . . . . . . . . . . . . .  ABSBIT   -----  BIT      00CEH  1
ARBLOST. . . . . . . . . . . . . . . .  ABSBIT   -----  BIT      00C2H  1
CY . . . . . . . . . . . . . . . . . .  ABSBIT   -----  BIT      00D7H  1
SI . . . . . . . . . . . . . . . . . .  ABSBIT   -----  BIT      00C0H  1
flag . . . . . . . . . . . . . . . . .  TYPEDEF  -----  U_CHAR   -----  1
signedWord . . . . . . . . . . . . . .  TYPEDEF  -----  INT      -----  2
ClkRecoveryEnabled . . . . . . . . . .  E_CONST  -----  INT      -----  2
LowSpeedModeClkRecovery. . . . . . . .  E_CONST  -----  INT      -----  2
AD0INT . . . . . . . . . . . . . . . .  ABSBIT   -----  BIT      00EDH  1
OV . . . . . . . . . . . . . . . . . .  ABSBIT   -----  BIT      00D2H  1
main . . . . . . . . . . . . . . . . .  PUBLIC   CODE   PROC     -----  -----
MODF . . . . . . . . . . . . . . . . .  ABSBIT   -----  BIT      00FDH  1
i2cStop. . . . . . . . . . . . . . . .  ABSBIT   -----  BIT      00C4H  1
ulong. . . . . . . . . . . . . . . . .  TYPEDEF  -----  U_LONG   -----  4
S0MODE . . . . . . . . . . . . . . . .  ABSBIT   -----  BIT      009FH  1
i2cIsMaster. . . . . . . . . . . . . .  ABSBIT   -----  BIT      00C7H  1
TF2LEN . . . . . . . . . . . . . . . .  ABSBIT   -----  BIT      00CDH  1
SPIF . . . . . . . . . . . . . . . . .  ABSBIT   -----  BIT      00FFH  1
WCOL . . . . . . . . . . . . . . . . .  ABSBIT   -----  BIT      00FEH  1
byte . . . . . . . . . . . . . . . . .  TYPEDEF  -----  U_CHAR   -----  1
NSSMD0 . . . . . . . . . . . . . . . .  ABSBIT   -----  BIT      00FAH  1
pca0md . . . . . . . . . . . . . . . .  SFR      DATA   U_CHAR   00D9H  1
NSSMD1 . . . . . . . . . . . . . . . .  ABSBIT   -----  BIT      00FBH  1
T2XCLK . . . . . . . . . . . . . . . .  ABSBIT   -----  BIT      00C8H  1
rxInterruptFlag. . . . . . . . . . . .  ABSBIT   -----  BIT      0098H  1
txInterruptFlag. . . . . . . . . . . .  ABSBIT   -----  BIT      0099H  1
IE0. . . . . . . . . . . . . . . . . .  ABSBIT   -----  BIT      0089H  1
word . . . . . . . . . . . . . . . . .  TYPEDEF  -----  U_INT    -----  2
IE1. . . . . . . . . . . . . . . . . .  ABSBIT   -----  BIT      008BH  1
ES0. . . . . . . . . . . . . . . . . .  ABSBIT   -----  BIT      00ACH  1
AD0EN. . . . . . . . . . . . . . . . .  ABSBIT   -----  BIT      00EFH  1
ET0. . . . . . . . . . . . . . . . . .  ABSBIT   -----  BIT      00A9H  1
ET1. . . . . . . . . . . . . . . . . .  ABSBIT   -----  BIT      00ABH  1
TF0. . . . . . . . . . . . . . . . . .  ABSBIT   -----  BIT      008DH  1
ET2. . . . . . . . . . . . . . . . . .  ABSBIT   -----  BIT      00ADH  1
RI0. . . . . . . . . . . . . . . . . .  ABSBIT   -----  BIT      0098H  1
TF1. . . . . . . . . . . . . . . . . .  ABSBIT   -----  BIT      008FH  1
EX0. . . . . . . . . . . . . . . . . .  ABSBIT   -----  BIT      00A8H  1
TI0. . . . . . . . . . . . . . . . . .  ABSBIT   -----  BIT      0099H  1
IT0. . . . . . . . . . . . . . . . . .  ABSBIT   -----  BIT      0088H  1
MASTER . . . . . . . . . . . . . . . .  ABSBIT   -----  BIT      00C7H  1
EX1. . . . . . . . . . . . . . . . . .  ABSBIT   -----  BIT      00AAH  1
IT1. . . . . . . . . . . . . . . . . .  ABSBIT   -----  BIT      008AH  1
P. . . . . . . . . . . . . . . . . . .  ABSBIT   -----  BIT      00D0H  1
ACK. . . . . . . . . . . . . . . . . .  ABSBIT   -----  BIT      00C1H  1
ClkRecovery1StepMask . . . . . . . . .  E_CONST  -----  INT      -----  2
TXMODE . . . . . . . . . . . . . . . .  ABSBIT   -----  BIT      00C6H  1
PS0. . . . . . . . . . . . . . . . . .  ABSBIT   -----  BIT      00BCH  1
PT0. . . . . . . . . . . . . . . . . .  ABSBIT   -----  BIT      00B9H  1
RS0. . . . . . . . . . . . . . . . . .  ABSBIT   -----  BIT      00D3H  1
PT1. . . . . . . . . . . . . . . . . .  ABSBIT   -----  BIT      00BBH  1
RS1. . . . . . . . . . . . . . . . . .  ABSBIT   -----  BIT      00D4H  1
PT2. . . . . . . . . . . . . . . . . .  ABSBIT   -----  BIT      00BDH  1
TR0. . . . . . . . . . . . . . . . . .  ABSBIT   -----  BIT      008CH  1
AD0TM. . . . . . . . . . . . . . . . .  ABSBIT   -----  BIT      00EEH  1
TR1. . . . . . . . . . . . . . . . . .  ABSBIT   -----  BIT      008EH  1
TR2. . . . . . . . . . . . . . . . . .  ABSBIT   -----  BIT      00CAH  1
PX0. . . . . . . . . . . . . . . . . .  ABSBIT   -----  BIT      00B8H  1
PX1. . . . . . . . . . . . . . . . . .  ABSBIT   -----  BIT      00BAH  1
SelectEndpoint0. . . . . . . . . . . .  E_CONST  -----  INT      -----  2
clkrecUsbRegEnum . . . . . . . . . . .  * TAG *  -----  ENUM     -----  -----
SelectEndpoint1. . . . . . . . . . . .  E_CONST  -----  INT      -----  2
SelectEndpoint2. . . . . . . . . . . .  E_CONST  -----  INT      -----  2
SelectEndpoint3. . . . . . . . . . . .  E_CONST  -----  INT      -----  2
i2cIsTransmitter . . . . . . . . . . .  ABSBIT   -----  BIT      00C6H  1
ESPI0. . . . . . . . . . . . . . . . .  ABSBIT   -----  BIT      00AEH  1
LowSpdClkRecoveryModeMask. . . . . . .  E_CONST  -----  INT      -----  2
NormalCalibrationMode. . . . . . . . .  E_CONST  -----  INT      -----  2
STA. . . . . . . . . . . . . . . . . .  ABSBIT   -----  BIT      00C5H  1
i2cArbitrationIsLost . . . . . . . . .  ABSBIT   -----  BIT      00C2H  1
led1Dark . . . . . . . . . . . . . . .  ABSBIT   -----  BIT      00A3H  1
PSPI0. . . . . . . . . . . . . . . . .  ABSBIT   -----  BIT      00BEH  1
T2SOF. . . . . . . . . . . . . . . . .  ABSBIT   -----  BIT      00CCH  1
RXOVRN . . . . . . . . . . . . . . . .  ABSBIT   -----  BIT      00FCH  1
ACKRQ. . . . . . . . . . . . . . . . .  ABSBIT   -----  BIT      00C3H  1
F0 . . . . . . . . . . . . . . . . . .  ABSBIT   -----  BIT      00D5H  1
AD0CM0 . . . . . . . . . . . . . . . .  ABSBIT   -----  BIT      00E8H  1
F1 . . . . . . . . . . . . . . . . . .  ABSBIT   -----  BIT      00D1H  1
STO. . . . . . . . . . . . . . . . . .  ABSBIT   -----  BIT      00C4H  1
AD0CM1 . . . . . . . . . . . . . . . .  ABSBIT   -----  BIT      00E9H  1
AD0CM2 . . . . . . . . . . . . . . . .  ABSBIT   -----  BIT      00EAH  1
AD0WINT. . . . . . . . . . . . . . . .  ABSBIT   -----  BIT      00EBH  1
AD0BUSY. . . . . . . . . . . . . . . .  ABSBIT   -----  BIT      00ECH  1
CCF0 . . . . . . . . . . . . . . . . .  ABSBIT   -----  BIT      00D8H  1
RB80 . . . . . . . . . . . . . . . . .  ABSBIT   -----  BIT      009AH  1
CCF1 . . . . . . . . . . . . . . . . .  ABSBIT   -----  BIT      00D9H  1


MODULE INFORMATION:   STATIC OVERLAYABLE
   CODE SIZE        =     13    ----
   CONSTANT SIZE    =   ----    ----
   XDATA SIZE       =   ----    ----
   PDATA SIZE       =   ----    ----
   DATA SIZE        =   ----    ----
   IDATA SIZE       =   ----    ----
   BIT SIZE         =   ----    ----
END OF MODULE INFORMATION.


C51 COMPILATION COMPLETE.  0 WARNING(S),  0 ERROR(S)
