C51 COMPILER V5.02,  SN-  MAIN                                                             10/25/16  22:23:36  PAGE 1   


DOS C51 COMPILER V5.02, COMPILATION OF MODULE MAIN
OBJECT MODULE PLACED IN MAIN.OBJ
COMPILER INVOKED BY: C:\C55\C51.EXE MAIN.C IP SB CD WL(2) ROM(LARGE) SMALL PL(24575) 

stmt level    source

   1          /* Modification History
   2          * 
   3          * 2016-10-20 jep Start with almost barest minimum: Just toggle LED fast.
   4          */
   5          
   6          #define False (0)
   7          #define True (!False)
   8          
   9          /* Silicon Laboratories C8051F321 registers
  10          *  see http://www.keil.com/dd/docs/datashts/silabs/c8051f32x.pdf */
  11          
  12          sfr xbr1=0xE2; /* Port I/O Crossbar Register 1 */
  13          #define CrossbarEnabled     (1<<6)
  14          
  15          /* particular to this board */
  16          
  17          sbit led1Dark     =0xA3; /* DO; P2.3; 0==light   1==dark */
  18          
  19          void main(void)
  20          {
  21   1         xbr1=CrossbarEnabled;
  22   1      
  23   1         for (;;) {
  24   2            led1Dark=False;
  25   2            led1Dark=True;
  26   2         }
  27   1      }
  28          
C51 COMPILER V5.02,  SN-  MAIN                                                             10/25/16  22:23:36  PAGE 2   

ASSEMBLY LISTING OF GENERATED OBJECT CODE


             ; FUNCTION main (BEGIN)
                                           ; SOURCE LINE # 19
                                           ; SOURCE LINE # 20
                                           ; SOURCE LINE # 21
0000 75E240        MOV     xbr1,#040H
                                           ; SOURCE LINE # 23
0003         ?C0001:
                                           ; SOURCE LINE # 24
0003 C2A3          CLR     led1Dark
                                           ; SOURCE LINE # 25
0005 D2A3          SETB    led1Dark
                                           ; SOURCE LINE # 26
0007 80FA          SJMP    ?C0001
                                           ; SOURCE LINE # 27
0009 22            RET     
             ; FUNCTION main (END)

C51 COMPILER V5.02,  SN-  MAIN                                                             10/25/16  22:23:36  PAGE 3   

NAME                                    CLASS   MSPACE  TYPE    OFFSET  SIZE
====                                    =====   ======  ====    ======  ====


xbr1 . . . . . . . . . . . . . . . . .  SFR      DATA   U_CHAR   00E2H  1
main . . . . . . . . . . . . . . . . .  PUBLIC   CODE   PROC     -----  -----
led1Dark . . . . . . . . . . . . . . .  ABSBIT   -----  BIT      00A3H  1


MODULE INFORMATION:   STATIC OVERLAYABLE
   CODE SIZE        =     10    ----
   CONSTANT SIZE    =   ----    ----
   XDATA SIZE       =   ----    ----
   PDATA SIZE       =   ----    ----
   DATA SIZE        =   ----    ----
   IDATA SIZE       =   ----    ----
   BIT SIZE         =   ----    ----
END OF MODULE INFORMATION.


C51 COMPILATION COMPLETE.  0 WARNING(S),  0 ERROR(S)
